# JRE version: OpenJDK Runtime Environment (17.0.6) (build 17.0.6+0-b2043.56-10027231)
# Java VM: OpenJDK 64-Bit Server VM (17.0.6+0-b2043.56-10027231, mixed mode, tiered, compressed oops, compressed class ptrs, g1 gc, windows-amd64)
GC Precious Log:
 CPUs: 8 total, 8 available
 Memory: 7991M
 Large Page Support: Disabled
 NUMA Support: Disabled
 Compressed Oops: Enabled (32-bit)
 Heap Region Size: 1M
 Heap Min Capacity: 8M
 Heap Initial Capacity: 126M
 Heap Max Capacity: 2G
 Pre-touch: Disabled
 Parallel Workers: 8
 Concurrent Workers: 2
 Concurrent Refinement Workers: 8
 Periodic GC: Disabled
Heap:
 garbage-first heap   total 174080K, used 119789K [0x0000000080000000, 0x0000000100000000)
  region size 1024K, 21 young (21504K), 3 survivors (3072K)
 Metaspace       used 117287K, committed 118080K, reserved 1155072K
  class space    used 16339K, committed 16704K, reserved 1048576K
GC Heap History (20 events):
Event: 30.505 GC heap before
{Heap before GC invocations=48 (full 0):
 garbage-first heap   total 150528K, used 121518K [0x0000000080000000, 0x0000000100000000)
  region size 1024K, 43 young (44032K), 6 survivors (6144K)
 Metaspace       used 94829K, committed 95424K, reserved 1138688K
  class space    used 12970K, committed 13248K, reserved 1048576K
}
Event: 30.520 GC heap after
{Heap after GC invocations=49 (full 0):
 garbage-first heap   total 150528K, used 87530K [0x0000000080000000, 0x0000000100000000)
  region size 1024K, 4 young (4096K), 4 survivors (4096K)
 Metaspace       used 94829K, committed 95424K, reserved 1138688K
  class space    used 12970K, committed 13248K, reserved 1048576K
}
Event: 31.832 GC heap before
{Heap before GC invocations=49 (full 0):
 garbage-first heap   total 150528K, used 122346K [0x0000000080000000, 0x0000000100000000)
  region size 1024K, 39 young (39936K), 4 survivors (4096K)
 Metaspace       used 95118K, committed 95808K, reserved 1138688K
  class space    used 12980K, committed 13312K, reserved 1048576K
}
Event: 31.837 GC heap after
{Heap after GC invocations=50 (full 0):
 garbage-first heap   total 150528K, used 90237K [0x0000000080000000, 0x0000000100000000)
  region size 1024K, 3 young (3072K), 3 survivors (3072K)
 Metaspace       used 95118K, committed 95808K, reserved 1138688K
  class space    used 12980K, committed 13312K, reserved 1048576K
}
Event: 32.880 GC heap before
{Heap before GC invocations=51 (full 0):
 garbage-first heap   total 155648K, used 123005K [0x0000000080000000, 0x0000000100000000)
  region size 1024K, 36 young (36864K), 3 survivors (3072K)
 Metaspace       used 95641K, committed 96256K, reserved 1138688K
  class space    used 13024K, committed 13312K, reserved 1048576K
}
Event: 32.886 GC heap after
{Heap after GC invocations=52 (full 0):
 garbage-first heap   total 155648K, used 92228K [0x0000000080000000, 0x0000000100000000)
  region size 1024K, 5 young (5120K), 5 survivors (5120K)
 Metaspace       used 95641K, committed 96256K, reserved 1138688K
  class space    used 13024K, committed 13312K, reserved 1048576K
}
Event: 32.938 GC heap before
{Heap before GC invocations=52 (full 0):
 garbage-first heap   total 155648K, used 93252K [0x0000000080000000, 0x0000000100000000)
  region size 1024K, 7 young (7168K), 5 survivors (5120K)
 Metaspace       used 95641K, committed 96256K, reserved 1138688K
  class space    used 13024K, committed 13312K, reserved 1048576K
}
Event: 32.944 GC heap after
{Heap after GC invocations=53 (full 0):
 garbage-first heap   total 155648K, used 92285K [0x0000000080000000, 0x0000000100000000)
  region size 1024K, 1 young (1024K), 1 survivors (1024K)
 Metaspace       used 95641K, committed 96256K, reserved 1138688K
  class space    used 13024K, committed 13312K, reserved 1048576K
}
Event: 34.510 GC heap before
{Heap before GC invocations=53 (full 0):
 garbage-first heap   total 155648K, used 128125K [0x0000000080000000, 0x0000000100000000)
  region size 1024K, 37 young (37888K), 1 survivors (1024K)
 Metaspace       used 97345K, committed 97984K, reserved 1138688K
  class space    used 13268K, committed 13568K, reserved 1048576K
}
Event: 34.514 GC heap after
{Heap after GC invocations=54 (full 0):
 garbage-first heap   total 155648K, used 94809K [0x0000000080000000, 0x0000000100000000)
  region size 1024K, 4 young (4096K), 4 survivors (4096K)
 Metaspace       used 97345K, committed 97984K, reserved 1138688K
  class space    used 13268K, committed 13568K, reserved 1048576K
}
Event: 35.442 GC heap before
{Heap before GC invocations=54 (full 0):
 garbage-first heap   total 155648K, used 127577K [0x0000000080000000, 0x0000000100000000)
  region size 1024K, 37 young (37888K), 4 survivors (4096K)
 Metaspace       used 99366K, committed 100096K, reserved 1138688K
  class space    used 13541K, committed 13888K, reserved 1048576K
}
Event: 35.449 GC heap after
{Heap after GC invocations=55 (full 0):
 garbage-first heap   total 155648K, used 97717K [0x0000000080000000, 0x0000000100000000)
  region size 1024K, 3 young (3072K), 3 survivors (3072K)
 Metaspace       used 99366K, committed 100096K, reserved 1138688K
  class space    used 13541K, committed 13888K, reserved 1048576K
}
Event: 36.254 GC heap before
{Heap before GC invocations=55 (full 0):
 garbage-first heap   total 155648K, used 129461K [0x0000000080000000, 0x0000000100000000)
  region size 1024K, 35 young (35840K), 3 survivors (3072K)
 Metaspace       used 99473K, committed 100224K, reserved 1138688K
  class space    used 13557K, committed 13952K, reserved 1048576K
}
Event: 36.259 GC heap after
{Heap after GC invocations=56 (full 0):
 garbage-first heap   total 155648K, used 99629K [0x0000000080000000, 0x0000000100000000)
  region size 1024K, 2 young (2048K), 2 survivors (2048K)
 Metaspace       used 99473K, committed 100224K, reserved 1138688K
  class space    used 13557K, committed 13952K, reserved 1048576K
}
Event: 57.877 GC heap before
{Heap before GC invocations=57 (full 0):
 garbage-first heap   total 174080K, used 130349K [0x0000000080000000, 0x0000000100000000)
  region size 1024K, 32 young (32768K), 2 survivors (2048K)
 Metaspace       used 102264K, committed 103040K, reserved 1138688K
  class space    used 13898K, committed 14272K, reserved 1048576K
}
Event: 57.906 GC heap after
{Heap after GC invocations=58 (full 0):
 garbage-first heap   total 174080K, used 101245K [0x0000000080000000, 0x0000000100000000)
  region size 1024K, 4 young (4096K), 4 survivors (4096K)
 Metaspace       used 102264K, committed 103040K, reserved 1138688K
  class space    used 13898K, committed 14272K, reserved 1048576K
}
Event: 58.063 GC heap before
{Heap before GC invocations=58 (full 0):
 garbage-first heap   total 174080K, used 104317K [0x0000000080000000, 0x0000000100000000)
  region size 1024K, 8 young (8192K), 4 survivors (4096K)
 Metaspace       used 102826K, committed 103616K, reserved 1138688K
  class space    used 13978K, committed 14400K, reserved 1048576K
}
Event: 58.088 GC heap after
{Heap after GC invocations=59 (full 0):
 garbage-first heap   total 174080K, used 101446K [0x0000000080000000, 0x0000000100000000)
  region size 1024K, 1 young (1024K), 1 survivors (1024K)
 Metaspace       used 102826K, committed 103616K, reserved 1138688K
  class space    used 13978K, committed 14400K, reserved 1048576K
}
Event: 59.450 GC heap before
{Heap before GC invocations=59 (full 0):
 garbage-first heap   total 174080K, used 145478K [0x0000000080000000, 0x0000000100000000)
  region size 1024K, 45 young (46080K), 1 survivors (1024K)
 Metaspace       used 114176K, committed 115008K, reserved 1155072K
  class space    used 15723K, committed 16128K, reserved 1048576K
}
Event: 59.456 GC heap after
{Heap after GC invocations=60 (full 0):
 garbage-first heap   total 174080K, used 103405K [0x0000000080000000, 0x0000000100000000)
  region size 1024K, 3 young (3072K), 3 survivors (3072K)
 Metaspace       used 114176K, committed 115008K, reserved 1155072K
  class space    used 15723K, committed 16128K, reserved 1048576K
}

